\BOOKMARK [1][-]{section.1}{\376\377\137\025\212\000}{}% 1
\BOOKMARK [2][-]{subsection.1.1}{\376\377\170\024\172\166\200\314\146\157}{section.1}% 2
\BOOKMARK [2][-]{subsection.1.2}{\376\377\122\027\210\150\166\204\117\177\165\050}{section.1}% 3
\BOOKMARK [2][-]{subsection.1.3}{\376\377\145\207\163\056\137\025\165\050}{section.1}% 4
\BOOKMARK [2][-]{subsection.1.4}{\376\377\145\160\133\146\121\154\137\017}{section.1}% 5
\BOOKMARK [2][-]{subsection.1.5}{\376\377\133\232\164\006\163\257\130\203}{section.1}% 6
\BOOKMARK [2][-]{subsection.1.6}{\376\377\173\227\154\325\163\257\130\203}{section.1}% 7
\BOOKMARK [1][-]{section.2}{\376\377\137\256\122\006\145\271\172\013\166\204\145\160\120\074\145\271\154\325}{}% 8
\BOOKMARK [2][-]{subsection.2.1}{\376\377\147\011\226\120\135\356\122\006\145\271\154\325}{section.2}% 9
\BOOKMARK [3][-]{subsubsection.2.1.1}{\376\377\145\160\120\074\150\074\137\017}{subsection.2.1}% 10
\BOOKMARK [3][-]{subsubsection.2.1.2}{\376\377\167\351\226\065\137\142\137\017}{subsection.2.1}% 11
\BOOKMARK [1][-]{section.3}{\376\377\143\322\126\376\163\257\130\203}{}% 12
\BOOKMARK [2][-]{subsection.3.1}{\376\377\126\376\166\204\117\177\165\050}{section.3}% 13
\BOOKMARK [2][-]{subsection.3.2}{\376\377\143\322\126\376\171\072\117\213}{section.3}% 14
\BOOKMARK [1][-]{section.4}{\376\377\210\150\150\074\163\257\130\203}{}% 15
\BOOKMARK [2][-]{subsection.4.1}{\376\377\210\150\166\204\117\177\165\050}{section.4}% 16
\BOOKMARK [2][-]{subsection.4.2}{\376\377\210\150\150\074\171\072\117\213}{section.4}% 17
\BOOKMARK [1][-]{section*.9}{\376\377\123\302\200\003\145\207\163\056}{}% 18
\BOOKMARK [1][-]{appendix.A}{\376\377\217\331\146\057\173\054\116\000\116\052\226\104\137\125}{}% 19
\BOOKMARK [2][-]{subsection.A.1}{\376\377\226\104\137\125\000A\166\204\134\017\202\202}{appendix.A}% 20
